[debug] [2020-04-22T13:14:06.075Z] ----------------------------------------------------------------------
[debug] [2020-04-22T13:14:06.077Z] Command:       /usr/bin/node /usr/bin/firebase deploy --only hosting
[debug] [2020-04-22T13:14:06.077Z] CLI Version:   8.1.1
[debug] [2020-04-22T13:14:06.077Z] Platform:      linux
[debug] [2020-04-22T13:14:06.077Z] Node Version:  v12.16.2
[debug] [2020-04-22T13:14:06.077Z] Time:          Wed Apr 22 2020 10:14:06 GMT-0300 (Brasilia Standard Time)
[debug] [2020-04-22T13:14:06.077Z] ----------------------------------------------------------------------
[debug] [2020-04-22T13:14:06.077Z] 
[debug] [2020-04-22T13:14:06.082Z] > command requires scopes: ["email","openid","https://www.googleapis.com/auth/cloudplatformprojects.readonly","https://www.googleapis.com/auth/firebase","https://www.googleapis.com/auth/cloud-platform"]
[debug] [2020-04-22T13:14:06.082Z] > authorizing via signed-in user
[debug] [2020-04-22T13:14:06.083Z] [iam] checking project research-workflow for permissions ["firebase.projects.get","firebasehosting.sites.update"]
[debug] [2020-04-22T13:14:06.084Z] > refreshing access token with scopes: ["email","https://www.googleapis.com/auth/cloud-platform","https://www.googleapis.com/auth/cloudplatformprojects.readonly","https://www.googleapis.com/auth/firebase","openid"]
[debug] [2020-04-22T13:14:06.085Z] >>> HTTP REQUEST POST https://www.googleapis.com/oauth2/v3/token  
 <request body omitted>
[debug] [2020-04-22T13:14:06.282Z] <<< HTTP RESPONSE 200 {"content-type":"application/json; charset=utf-8","vary":"X-Origin, Referer, Origin,Accept-Encoding","date":"Wed, 22 Apr 2020 13:14:06 GMT","server":"scaffolding on HTTPServer2","cache-control":"private","x-xss-protection":"0","x-frame-options":"SAMEORIGIN","x-content-type-options":"nosniff","alt-svc":"quic=\":443\"; ma=2592000; v=\"46,43\",h3-Q050=\":443\"; ma=2592000,h3-Q049=\":443\"; ma=2592000,h3-Q048=\":443\"; ma=2592000,h3-Q046=\":443\"; ma=2592000,h3-Q043=\":443\"; ma=2592000,h3-T050=\":443\"; ma=2592000","accept-ranges":"none","transfer-encoding":"chunked"}
[debug] [2020-04-22T13:14:06.315Z] >>> HTTP REQUEST POST https://cloudresourcemanager.googleapis.com/v1/projects/research-workflow:testIamPermissions  
 {"permissions":["firebase.projects.get","firebasehosting.sites.update"]}
[debug] [2020-04-22T13:14:07.322Z] <<< HTTP RESPONSE 200 {"content-type":"application/json; charset=UTF-8","vary":"X-Origin, Referer, Origin,Accept-Encoding","date":"Wed, 22 Apr 2020 13:14:07 GMT","server":"ESF","cache-control":"private","x-xss-protection":"0","x-frame-options":"SAMEORIGIN","x-content-type-options":"nosniff","server-timing":"gfet4t7; dur=846","alt-svc":"quic=\":443\"; ma=2592000; v=\"46,43\",h3-Q050=\":443\"; ma=2592000,h3-Q049=\":443\"; ma=2592000,h3-Q048=\":443\"; ma=2592000,h3-Q046=\":443\"; ma=2592000,h3-Q043=\":443\"; ma=2592000,h3-T050=\":443\"; ma=2592000","accept-ranges":"none","transfer-encoding":"chunked"}
[debug] [2020-04-22T13:14:07.324Z] >>> HTTP REQUEST GET https://firebase.googleapis.com/v1beta1/projects/research-workflow  
 
[debug] [2020-04-22T13:14:07.753Z] <<< HTTP RESPONSE 200 {"content-type":"application/json; charset=UTF-8","vary":"X-Origin, Referer, Origin,Accept-Encoding","date":"Wed, 22 Apr 2020 13:14:07 GMT","server":"ESF","cache-control":"private","x-xss-protection":"0","x-frame-options":"SAMEORIGIN","x-content-type-options":"nosniff","alt-svc":"quic=\":443\"; ma=2592000; v=\"46,43\",h3-Q050=\":443\"; ma=2592000,h3-Q049=\":443\"; ma=2592000,h3-Q048=\":443\"; ma=2592000,h3-Q046=\":443\"; ma=2592000,h3-Q043=\":443\"; ma=2592000,h3-T050=\":443\"; ma=2592000","accept-ranges":"none","transfer-encoding":"chunked"}
[info] 
[info] === Deploying to 'research-workflow'...
[info] 
[info] i  deploying hosting
[debug] [2020-04-22T13:14:11.693Z] >>> HTTP REQUEST POST https://firebasehosting.googleapis.com/v1beta1/sites/research-workflow/versions  
 {"config":{"rewrites":[{"glob":"**","path":"/index.html"}]},"labels":{"deployment-tool":"cli-firebase"}}
[debug] [2020-04-22T13:14:14.466Z] <<< HTTP RESPONSE 200 {"content-type":"application/json; charset=UTF-8","vary":"X-Origin, Referer, Origin,Accept-Encoding","date":"Wed, 22 Apr 2020 13:14:14 GMT","server":"ESF","cache-control":"private","x-xss-protection":"0","x-frame-options":"SAMEORIGIN","x-content-type-options":"nosniff","alt-svc":"quic=\":443\"; ma=2592000; v=\"46,43\",h3-Q050=\":443\"; ma=2592000,h3-Q049=\":443\"; ma=2592000,h3-Q048=\":443\"; ma=2592000,h3-Q046=\":443\"; ma=2592000,h3-Q043=\":443\"; ma=2592000,h3-T050=\":443\"; ma=2592000","accept-ranges":"none","transfer-encoding":"chunked"}
[info] i  hosting[research-workflow]: beginning deploy...
[info] i  hosting[research-workflow]: found 2 files in public
[debug] [2020-04-22T13:14:14.474Z] [hosting] hash cache [cHVibGlj] not populated
[debug] [2020-04-22T13:14:14.499Z] [hosting] hash cache [cHVibGlj] stored for 2 files
[debug] [2020-04-22T13:14:14.500Z] [hosting][hash queue][FINAL] {"max":16,"min":3,"avg":9.5,"active":0,"complete":2,"success":2,"errored":0,"retried":0,"total":2,"elapsed":26}
[debug] [2020-04-22T13:14:14.500Z] >>> HTTP REQUEST POST https://firebasehosting.googleapis.com/v1beta1/sites/research-workflow/versions/43bd502a43c86d6e:populateFiles  
 <request body omitted>
[debug] [2020-04-22T13:14:15.644Z] <<< HTTP RESPONSE 200 {"content-type":"application/json; charset=UTF-8","vary":"X-Origin, Referer, Origin,Accept-Encoding","date":"Wed, 22 Apr 2020 13:14:15 GMT","server":"ESF","cache-control":"private","x-xss-protection":"0","x-frame-options":"SAMEORIGIN","x-content-type-options":"nosniff","alt-svc":"quic=\":443\"; ma=2592000; v=\"46,43\",h3-Q050=\":443\"; ma=2592000,h3-Q049=\":443\"; ma=2592000,h3-Q048=\":443\"; ma=2592000,h3-Q046=\":443\"; ma=2592000,h3-Q043=\":443\"; ma=2592000,h3-T050=\":443\"; ma=2592000","accept-ranges":"none","transfer-encoding":"chunked"}
[debug] [2020-04-22T13:14:15.647Z] [hosting][populate queue][FINAL] {"max":1153,"min":1153,"avg":1153,"active":0,"complete":1,"success":1,"errored":0,"retried":0,"total":1,"elapsed":1156}
[debug] [2020-04-22T13:14:15.647Z] [hosting] uploads queued: 2
[debug] [2020-04-22T13:14:17.737Z] [hosting][upload queue][FINAL] {"max":2093,"min":2039,"avg":2066,"active":0,"complete":2,"success":2,"errored":0,"retried":0,"total":2,"elapsed":2093}
[info] ✔  hosting[research-workflow]: file upload complete
[debug] [2020-04-22T13:14:17.738Z] [hosting] deploy completed after 3270ms
