Web / API server started at 127.0.0.1:4000
Web / API server started at ::1:4000

  #  node[192849]: void node::ResetStdio() at ../src/node.cc:708
  #  Assertion failed: !(err != 0) || (err == -1 && (*__errno_location ()) == 1)

----- Native stack trace -----

 1: 0xca5580 node::Abort() [node]
 2: 0xca5600 node::errors::SetPrepareStackTraceCallback(v8::FunctionCallbackInfo<v8::Value> const&) [node]
 3: 0xc59b44  [node]
 4: 0xc59c5c node::SignalExit(int, siginfo_t*, void*) [node]
 5: 0x70adcc245320  [/lib/x86_64-linux-gnu/libc.so.6]
 6: 0x70adcc329ee0 epoll_pwait [/lib/x86_64-linux-gnu/libc.so.6]
 7: 0x189f636  [node]
 8: 0x188bb77 uv_run [node]
 9: 0xbbbb83 node::SpinEventLoopInternal(node::Environment*) [node]
10: 0xcf4ee5  [node]
11: 0xcf58ad node::NodeMainInstance::Run() [node]
12: 0xc5f397 node::Start(int, char**) [node]
13: 0x70adcc22a1ca  [/lib/x86_64-linux-gnu/libc.so.6]
14: 0x70adcc22a28b __libc_start_main [/lib/x86_64-linux-gnu/libc.so.6]
15: 0xbb8eee _start [node]
FATAL ERROR: v8::HandleScope::CreateHandle() Cannot create a handle without a HandleScope
----- Native stack trace -----

 1: 0xca5580 node::Abort() [node]
 2: 0xb78101 node::OOMErrorHandler(char const*, v8::OOMDetails const&) [node]
 3: 0xeca0a6 v8::Utils::ReportApiFailure(char const*, char const*) [node]
 4: 0x1070422 v8::internal::HandleScope::Extend(v8::internal::Isolate*) [node]
 5: 0xecb988 v8::EscapableHandleScope::EscapableHandleScope(v8::Isolate*) [node]
 6: 0xca5526 node::GetCurrentStackTrace(v8::Isolate*, int) [node]
 7: 0xc00c1b node::DumpJavaScriptBacktrace(_IO_FILE*) [node]
 8: 0xca558c node::Abort() [node]
 9: 0xca5600 node::errors::SetPrepareStackTraceCallback(v8::FunctionCallbackInfo<v8::Value> const&) [node]
10: 0xc59b44  [node]
11: 0xc59c5c node::SignalExit(int, siginfo_t*, void*) [node]
12: 0x70adcc245320  [/lib/x86_64-linux-gnu/libc.so.6]
13: 0x70adcc329ee0 epoll_pwait [/lib/x86_64-linux-gnu/libc.so.6]
14: 0x189f636  [node]
15: 0x188bb77 uv_run [node]
16: 0xbbbb83 node::SpinEventLoopInternal(node::Environment*) [node]
17: 0xcf4ee5  [node]
18: 0xcf58ad node::NodeMainInstance::Run() [node]
19: 0xc5f397 node::Start(int, char**) [node]
20: 0x70adcc22a1ca  [/lib/x86_64-linux-gnu/libc.so.6]
21: 0x70adcc22a28b __libc_start_main [/lib/x86_64-linux-gnu/libc.so.6]
22: 0xbb8eee _start [node]
